<?xml version="1.0" encoding="UTF-8"?>
<testsuite name="PingPongTest" tests="1" skipped="0" failures="0" errors="0" timestamp="2019-11-06T09:33:54" hostname="pkminor-HP-ProBook-450-G5" time="0.007">
  <properties/>
  <testcase name="runPingPong_countUpToOne_ArrayList" classname="PingPongTest" time="0.007"/>
  <system-out><![CDATA[]]></system-out>
  <system-err><![CDATA[]]></system-err>
</testsuite>
